2024-12-13 18:54:44.240  INFO 9560 --- [main] lavalink.server.Launcher                 : Starting Launcher using Java 17.0.13 on red with PID 9560 (/root/.local/share/Red-DiscordBot/data/SandyBot2.0/cogs/Audio/Lavalink.jar started by root in /root/.local/share/Red-DiscordBot/data/SandyBot2.0/cogs/Audio)
2024-12-13 18:54:44.255  INFO 9560 --- [main] lavalink.server.Launcher                 : No active profile set, falling back to 1 default profile: "default"
2024-12-13 18:54:45.755  INFO 9560 --- [main] lavalink.server.bootstrap.PluginManager  : Downloading https://maven.lavalink.dev/releases/dev/lavalink/youtube/youtube-plugin/1.11.1/youtube-plugin-1.11.1.jar
2024-12-13 18:54:47.487  INFO 9560 --- [main] lavalink.server.bootstrap.PluginManager  : Found plugin 'youtube-plugin' version 1.11.1
2024-12-13 18:54:47.541  INFO 9560 --- [main] lavalink.server.bootstrap.PluginManager  : Loaded youtube-plugin-1.11.1.jar (16 classes)
2024-12-13 18:54:47.879  INFO 9560 --- [main] lavalink.server.Launcher                 : Started Launcher in 4.625 seconds (JVM running for 5.387)
2024-12-13 18:54:47.887  INFO 9560 --- [main] lavalink.server.Launcher                 : You can safely ignore the big red warning about illegal reflection. See https://github.com/lavalink-devs/Lavalink/issues/295
2024-12-13 18:54:48.001  INFO 9560 --- [main] lavalink.server.Launcher                 : 

[32m       .  [31m _                  _ _       _    [32m__ _ _
[32m      /\\ [31m| | __ ___   ____ _| (_)_ __ | | __[32m\ \ \ \
[32m     ( ( )[31m| |/ _` \ \ / / _` | | | '_ \| |/ /[32m \ \ \ \
[32m      \\/ [31m| | (_| |\ V / (_| | | | | | |   < [32m  ) ) ) )
[32m       '  [31m|_|\__,_| \_/ \__,_|_|_|_| |_|_|\_\[32m / / / /
[0m    =========================================[32m/_/_/_/[0m

	Version:        3.7.12+red.1
	Build time:     21.08.2024 22:57:54 UTC
	Branch          patch/update-koe-v3
	Commit:         2bce42e
	Commit time:    21.08.2024 22:56:39 UTC
	JVM:            17.0.13
	Lavaplayer      1.5.4

2024-12-13 18:54:48.014  INFO 9560 --- [main] lavalink.server.Launcher                 : No active profile set, falling back to 1 default profile: "default"
2024-12-13 18:54:49.462  WARN 9560 --- [main] io.undertow.websockets.jsr               : UT026010: Buffer pool was not set on WebSocketDeploymentInfo, the default pool will be used
2024-12-13 18:54:49.496  INFO 9560 --- [main] io.undertow.servlet                      : Initializing Spring embedded WebApplicationContext
2024-12-13 18:54:49.496  INFO 9560 --- [main] w.s.c.ServletWebServerApplicationContext : Root WebApplicationContext: initialization completed in 1467 ms
2024-12-13 18:54:50.268  INFO 9560 --- [main] c.s.d.l.tools.GarbageCollectionMonitor   : GC monitoring enabled, reporting results every 2 minutes.
2024-12-13 18:54:50.722  WARN 9560 --- [main] d.l.youtube.plugin.ClientProvider        : Failed to resolve ANDROID_TESTSUITE into a Client
2024-12-13 18:54:50.724  WARN 9560 --- [main] d.l.youtube.plugin.ClientProvider        : Failed to resolve ANDROID_LITE into a Client
2024-12-13 18:54:50.724  WARN 9560 --- [main] d.l.youtube.plugin.ClientProvider        : Failed to resolve MEDIA_CONNECT into a Client
2024-12-13 18:54:50.740  INFO 9560 --- [main] d.l.youtube.plugin.YoutubePluginLoader   : YouTube source initialised with clients: WEB_REMIX, WEB, TVHTML5_SIMPLY_EMBEDDED_PLAYER, IOS 
2024-12-13 18:54:50.760  WARN 9560 --- [main] l.server.config.SentryConfiguration      : Turning off sentry
2024-12-13 18:54:50.935  INFO 9560 --- [main] lavalink.server.config.KoeConfiguration  : OS: LINUX, Arch: X86_64
2024-12-13 18:54:50.938  INFO 9560 --- [main] lavalink.server.config.KoeConfiguration  : Enabling JDA-NAS
2024-12-13 18:54:50.943  INFO 9560 --- [main] c.s.l.c.natives.NativeLibraryLoader      : Native library udpqueue: loading with filter null
2024-12-13 18:54:50.949  INFO 9560 --- [main] c.s.l.c.natives.NativeLibraryLoader      : Native library udpqueue: successfully loaded.
2024-12-13 18:54:51.410  INFO 9560 --- [main] io.undertow                              : starting server: Undertow - 2.2.16.Final
2024-12-13 18:54:51.419  INFO 9560 --- [main] org.xnio                                 : XNIO version 3.8.6.Final
2024-12-13 18:54:51.432  INFO 9560 --- [main] org.xnio.nio                             : XNIO NIO Implementation Version 3.8.6.Final
2024-12-13 18:54:51.546  INFO 9560 --- [main] org.jboss.threads                        : JBoss Threads version 3.1.0.Final
2024-12-13 18:54:51.604  INFO 9560 --- [main] o.s.b.w.e.undertow.UndertowWebServer     : Undertow started on port(s) 2333 (http)
2024-12-13 18:54:51.619  INFO 9560 --- [main] lavalink.server.Launcher                 : Started Launcher in 3.723 seconds (JVM running for 9.127)
2024-12-13 18:54:51.621  INFO 9560 --- [main] lavalink.server.Launcher                 : Lavalink is ready to accept connections.
2024-12-13 18:54:51.675  INFO 9560 --- [XNIO-1 task-1] io.undertow.servlet                      : Initializing Spring DispatcherServlet 'dispatcherServlet'
2024-12-13 18:54:51.676  INFO 9560 --- [XNIO-1 task-1] o.s.web.servlet.DispatcherServlet        : Initializing Servlet 'dispatcherServlet'
2024-12-13 18:54:51.677  INFO 9560 --- [XNIO-1 task-1] o.s.web.servlet.DispatcherServlet        : Completed initialization in 1 ms
2024-12-13 18:54:51.700  INFO 9560 --- [XNIO-1 task-1] l.server.io.HandshakeInterceptorImpl     : Incoming connection from /127.0.0.1:38548
2024-12-13 18:54:52.086  INFO 9560 --- [XNIO-1 task-1] lavalink.server.io.SocketServer          : Connection successfully established from Red-Lavalink/0.11.0
2024-12-13 18:54:52.104  INFO 9560 --- [XNIO-1 I/O-2] lavalink.server.io.SocketServer          : {"op": "configureResuming", "key": "Red-Core-Audio-1317193327782789274-SandyBot2.0", "timeout": 60}
2024-12-13 18:54:52.105  WARN 9560 --- [XNIO-1 I/O-2] lavalink.server.io.WebSocketHandler      : Sending websocket commands to Lavalink has been deprecated and will be removed in API version 4. API version 3 will be removed in Lavalink 5. Please use the new REST endpoints instead.
2024-12-13 19:39:38.608  INFO 9560 --- [XNIO-1 I/O-2] lavalink.server.io.SocketServer          : {"op": "configureResuming", "key": null}
2024-12-13 19:39:38.616  INFO 9560 --- [XNIO-1 I/O-2] lavalink.server.io.SocketServer          : Connection closed from /127.0.0.1:38548 -- CloseStatus[code=1000, reason=]
2024-12-13 19:39:38.616  INFO 9560 --- [XNIO-1 I/O-2] lavalink.server.io.SocketContext         : Shutting down 0 playing players.
2024-12-13 19:39:38.624  INFO 9560 --- [SpringApplicationShutdownHook] io.undertow                              : stopping server: Undertow - 2.2.16.Final
2024-12-13 19:39:38.626  INFO 9560 --- [SpringApplicationShutdownHook] io.undertow.servlet                      : Destroying Spring FrameworkServlet 'dispatcherServlet'
2024-12-13 19:39:38.628  INFO 9560 --- [SpringApplicationShutdownHook] c.s.d.l.tools.GarbageCollectionMonitor   : GC monitoring disabled.
